# JRE version: OpenJDK Runtime Environment (8.0_242-b01) (build 1.8.0_242-release-1644-b01)
# Java VM: OpenJDK 64-Bit Server VM (25.242-b01 mixed mode windows-amd64 compressed oops)
Heap:
 PSYoungGen      total 211456K, used 170742K [0x00000000d5580000, 0x00000000e5380000, 0x0000000100000000)
  eden space 194560K, 87% used [0x00000000d5580000,0x00000000dfc3d938,0x00000000e1380000)
  from space 16896K, 0% used [0x00000000e2700000,0x00000000e2700000,0x00000000e3780000)
  to   space 19968K, 0% used [0x00000000e1380000,0x00000000e1380000,0x00000000e2700000)
 ParOldGen       total 218624K, used 35919K [0x0000000080000000, 0x000000008d580000, 0x00000000d5580000)
  object space 218624K, 16% used [0x0000000080000000,0x0000000082313fa8,0x000000008d580000)
 Metaspace       used 63659K, capacity 66571K, committed 66712K, reserved 1105920K
  class space    used 8794K, capacity 9360K, committed 9392K, reserved 1048576K
GC Heap History (10 events):
Event: 4.993 GC heap before
{Heap before GC invocations=9 (full 2):
 PSYoungGen      total 117760K, used 8239K [0x00000000d5580000, 0x00000000e1800000, 0x0000000100000000)
  eden space 105984K, 0% used [0x00000000d5580000,0x00000000d5580000,0x00000000dbd00000)
  from space 11776K, 69% used [0x00000000dbd00000,0x00000000dc50bf00,0x00000000dc880000)
  to   space 11776K, 0% used [0x00000000e0c80000,0x00000000e0c80000,0x00000000e1800000)
 ParOldGen       total 93184K, used 7205K [0x0000000080000000, 0x0000000085b00000, 0x00000000d5580000)
  object space 93184K, 7% used [0x0000000080000000,0x0000000080709760,0x0000000085b00000)
 Metaspace       used 34364K, capacity 35420K, committed 35496K, reserved 1079296K
  class space    used 4726K, capacity 5003K, committed 5040K, reserved 1048576K
Event: 5.044 GC heap after
Heap after GC invocations=9 (full 2):
 PSYoungGen      total 117760K, used 0K [0x00000000d5580000, 0x00000000e1800000, 0x0000000100000000)
  eden space 105984K, 0% used [0x00000000d5580000,0x00000000d5580000,0x00000000dbd00000)
  from space 11776K, 0% used [0x00000000dbd00000,0x00000000dbd00000,0x00000000dc880000)
  to   space 11776K, 0% used [0x00000000e0c80000,0x00000000e0c80000,0x00000000e1800000)
 ParOldGen       total 141824K, used 14578K [0x0000000080000000, 0x0000000088a80000, 0x00000000d5580000)
  object space 141824K, 10% used [0x0000000080000000,0x0000000080e3c9c0,0x0000000088a80000)
 Metaspace       used 34364K, capacity 35420K, committed 35496K, reserved 1079296K
  class space    used 4726K, capacity 5003K, committed 5040K, reserved 1048576K
}
Event: 5.950 GC heap before
{Heap before GC invocations=10 (full 2):
 PSYoungGen      total 117760K, used 105984K [0x00000000d5580000, 0x00000000e1800000, 0x0000000100000000)
  eden space 105984K, 100% used [0x00000000d5580000,0x00000000dbd00000,0x00000000dbd00000)
  from space 11776K, 0% used [0x00000000dbd00000,0x00000000dbd00000,0x00000000dc880000)
  to   space 11776K, 0% used [0x00000000e0c80000,0x00000000e0c80000,0x00000000e1800000)
 ParOldGen       total 141824K, used 14578K [0x0000000080000000, 0x0000000088a80000, 0x00000000d5580000)
  object space 141824K, 10% used [0x0000000080000000,0x0000000080e3c9c0,0x0000000088a80000)
 Metaspace       used 38092K, capacity 39720K, committed 39976K, reserved 1083392K
  class space    used 5252K, capacity 5590K, committed 5680K, reserved 1048576K
Event: 5.957 GC heap after
Heap after GC invocations=10 (full 2):
 PSYoungGen      total 164864K, used 8457K [0x00000000d5580000, 0x00000000e1500000, 0x0000000100000000)
  eden space 156160K, 0% used [0x00000000d5580000,0x00000000d5580000,0x00000000dee00000)
  from space 8704K, 97% used [0x00000000e0c80000,0x00000000e14c2598,0x00000000e1500000)
  to   space 11264K, 0% used [0x00000000dff00000,0x00000000dff00000,0x00000000e0a00000)
 ParOldGen       total 141824K, used 14586K [0x0000000080000000, 0x0000000088a80000, 0x00000000d5580000)
  object space 141824K, 10% used [0x0000000080000000,0x0000000080e3e9c0,0x0000000088a80000)
 Metaspace       used 38092K, capacity 39720K, committed 39976K, reserved 1083392K
  class space    used 5252K, capacity 5590K, committed 5680K, reserved 1048576K
}
Event: 7.953 GC heap before
{Heap before GC invocations=11 (full 2):
 PSYoungGen      total 164864K, used 164617K [0x00000000d5580000, 0x00000000e1500000, 0x0000000100000000)
  eden space 156160K, 100% used [0x00000000d5580000,0x00000000dee00000,0x00000000dee00000)
  from space 8704K, 97% used [0x00000000e0c80000,0x00000000e14c2598,0x00000000e1500000)
  to   space 11264K, 0% used [0x00000000dff00000,0x00000000dff00000,0x00000000e0a00000)
 ParOldGen       total 141824K, used 14586K [0x0000000080000000, 0x0000000088a80000, 0x00000000d5580000)
  object space 141824K, 10% used [0x0000000080000000,0x0000000080e3e9c0,0x0000000088a80000)
 Metaspace       used 51414K, capacity 53478K, committed 53672K, reserved 1095680K
  class space    used 6880K, capacity 7303K, committed 7344K, reserved 1048576K
Event: 7.970 GC heap after
Heap after GC invocations=11 (full 2):
 PSYoungGen      total 184832K, used 11252K [0x00000000d5580000, 0x00000000e3780000, 0x0000000100000000)
  eden space 173568K, 0% used [0x00000000d5580000,0x00000000d5580000,0x00000000dff00000)
  from space 11264K, 99% used [0x00000000dff00000,0x00000000e09fd320,0x00000000e0a00000)
  to   space 16896K, 0% used [0x00000000e2700000,0x00000000e2700000,0x00000000e3780000)
 ParOldGen       total 141824K, used 26858K [0x0000000080000000, 0x0000000088a80000, 0x00000000d5580000)
  object space 141824K, 18% used [0x0000000080000000,0x0000000081a3ab18,0x0000000088a80000)
 Metaspace       used 51414K, capacity 53478K, committed 53672K, reserved 1095680K
  class space    used 6880K, capacity 7303K, committed 7344K, reserved 1048576K
}
Event: 8.804 GC heap before
{Heap before GC invocations=12 (full 2):
 PSYoungGen      total 184832K, used 98536K [0x00000000d5580000, 0x00000000e3780000, 0x0000000100000000)
  eden space 173568K, 50% used [0x00000000d5580000,0x00000000daabce30,0x00000000dff00000)
  from space 11264K, 99% used [0x00000000dff00000,0x00000000e09fd320,0x00000000e0a00000)
  to   space 16896K, 0% used [0x00000000e2700000,0x00000000e2700000,0x00000000e3780000)
 ParOldGen       total 141824K, used 26858K [0x0000000080000000, 0x0000000088a80000, 0x00000000d5580000)
  object space 141824K, 18% used [0x0000000080000000,0x0000000081a3ab18,0x0000000088a80000)
 Metaspace       used 56474K, capacity 58937K, committed 59160K, reserved 1099776K
  class space    used 7722K, capacity 8240K, committed 8240K, reserved 1048576K
Event: 8.817 GC heap after
Heap after GC invocations=12 (full 2):
 PSYoungGen      total 211456K, used 16868K [0x00000000d5580000, 0x00000000e5380000, 0x0000000100000000)
  eden space 194560K, 0% used [0x00000000d5580000,0x00000000d5580000,0x00000000e1380000)
  from space 16896K, 99% used [0x00000000e2700000,0x00000000e3779330,0x00000000e3780000)
  to   space 19968K, 0% used [0x00000000e1380000,0x00000000e1380000,0x00000000e2700000)
 ParOldGen       total 141824K, used 30214K [0x0000000080000000, 0x0000000088a80000, 0x00000000d5580000)
  object space 141824K, 21% used [0x0000000080000000,0x0000000081d81a30,0x0000000088a80000)
 Metaspace       used 56474K, capacity 58937K, committed 59160K, reserved 1099776K
  class space    used 7722K, capacity 8240K, committed 8240K, reserved 1048576K
}
Event: 8.817 GC heap before
{Heap before GC invocations=13 (full 3):
 PSYoungGen      total 211456K, used 16868K [0x00000000d5580000, 0x00000000e5380000, 0x0000000100000000)
  eden space 194560K, 0% used [0x00000000d5580000,0x00000000d5580000,0x00000000e1380000)
  from space 16896K, 99% used [0x00000000e2700000,0x00000000e3779330,0x00000000e3780000)
  to   space 19968K, 0% used [0x00000000e1380000,0x00000000e1380000,0x00000000e2700000)
 ParOldGen       total 141824K, used 30214K [0x0000000080000000, 0x0000000088a80000, 0x00000000d5580000)
  object space 141824K, 21% used [0x0000000080000000,0x0000000081d81a30,0x0000000088a80000)
 Metaspace       used 56474K, capacity 58937K, committed 59160K, reserved 1099776K
  class space    used 7722K, capacity 8240K, committed 8240K, reserved 1048576K
Event: 9.009 GC heap after
Heap after GC invocations=13 (full 3):
 PSYoungGen      total 211456K, used 0K [0x00000000d5580000, 0x00000000e5380000, 0x0000000100000000)
  eden space 194560K, 0% used [0x00000000d5580000,0x00000000d5580000,0x00000000e1380000)
  from space 16896K, 0% used [0x00000000e2700000,0x00000000e2700000,0x00000000e3780000)
  to   space 19968K, 0% used [0x00000000e1380000,0x00000000e1380000,0x00000000e2700000)
 ParOldGen       total 218624K, used 35919K [0x0000000080000000, 0x000000008d580000, 0x00000000d5580000)
  object space 218624K, 16% used [0x0000000080000000,0x0000000082313fa8,0x000000008d580000)
 Metaspace       used 56432K, capacity 58793K, committed 59160K, reserved 1099776K
  class space    used 7709K, capacity 8216K, committed 8240K, reserved 1048576K
}

